<?xml version="1.0" encoding="UTF-8"?>
<!-- Generated by org.testng.reporters.JUnitXMLReporter -->
<testsuite ignored="0" hostname="DESKTOP-ECBA0O3" failures="1" tests="4" name="Test" time="60.979" errors="0" timestamp="19 Aug 2019 20:42:01 GMT">
  <testcase classname="com.framework.app.ValidateMenuItemTest" name="pageBaseNavigation" time="0.071"/>
  <testcase classname="com.framework.app.ValidateTitleTest" name="pageBaseNavigation" time="0.025">
    <failure type="java.lang.AssertionError" message="expected [FEATURED] but found [FEATURED COURSES]">
      <![CDATA[java.lang.AssertionError: expected [FEATURED] but found [FEATURED COURSES]
at com.framework.app.ValidateTitleTest.pageBaseNavigation(ValidateTitleTest.java:33)
... Removed 31 stack frames]]>
    </failure>
  </testcase> <!-- pageBaseNavigation -->
  <testcase classname="com.framework.app.HomePageTest" name="pageBaseNavigation" time="5.239"/>
  <testcase classname="com.framework.app.HomePageTest" name="pageBaseNavigation" time="4.665"/>
</testsuite> <!-- Test -->
