<?xml version="1.0" encoding="UTF-8"?>
<!-- Generated by org.testng.reporters.JUnitXMLReporter -->
<testsuite hostname="DESKTOP-ECBA0O3" ignored="0" name="Test" tests="4" failures="1" timestamp="21 Aug 2019 16:10:54 GMT" time="56.543" errors="0">
  <testcase name="pageBaseNavigation" time="0.05" classname="com.framework.app.ValidateMenuItemTest"/>
  <testcase name="pageBaseNavigation" time="0.019" classname="com.framework.app.ValidateTitleTest">
    <failure type="java.lang.AssertionError" message="expected [FEATURED] but found [FEATURED COURSES]">
      <![CDATA[java.lang.AssertionError: expected [FEATURED] but found [FEATURED COURSES]
at com.framework.app.ValidateTitleTest.pageBaseNavigation(ValidateTitleTest.java:33)
... Removed 35 stack frames]]>
    </failure>
  </testcase> <!-- pageBaseNavigation -->
  <testcase name="pageBaseNavigation" time="5.332" classname="com.framework.app.HomePageTest"/>
  <testcase name="pageBaseNavigation" time="4.828" classname="com.framework.app.HomePageTest"/>
</testsuite> <!-- Test -->
