<?xml version="1.0" encoding="UTF-8"?>
<!-- Generated by org.testng.reporters.JUnitXMLReporter -->
<testsuite hostname="DESKTOP-ECBA0O3" ignored="0" name="Test" tests="4" failures="1" timestamp="19 Aug 2019 19:15:08 GMT" time="75.888" errors="0">
  <testcase name="pageBaseNavigation" time="0.125" classname="com.framework.app.ValidateMenuItemTest"/>
  <testcase name="pageBaseNavigation" time="0.049" classname="com.framework.app.ValidateTitleTest">
    <failure type="java.lang.AssertionError" message="expected [FEATURED] but found [FEATURED COURSES]">
      <![CDATA[java.lang.AssertionError: expected [FEATURED] but found [FEATURED COURSES]
at com.framework.app.ValidateTitleTest.pageBaseNavigation(ValidateTitleTest.java:33)
... Removed 35 stack frames]]>
    </failure>
  </testcase> <!-- pageBaseNavigation -->
  <testcase name="pageBaseNavigation" time="5.517" classname="com.framework.app.HomePageTest"/>
  <testcase name="pageBaseNavigation" time="4.936" classname="com.framework.app.HomePageTest"/>
</testsuite> <!-- Test -->
