<?xml version="1.0" encoding="UTF-8"?>
<testng-results ignored="0" total="1" passed="1" failed="0" skipped="0">
  <reporter-output>
  </reporter-output>
  <suite started-at="2019-08-21T20:55:51Z" name="Default suite" finished-at="2019-08-21T20:56:07Z" duration-ms="16109">
    <groups>
    </groups>
    <test started-at="2019-08-21T20:55:51Z" name="Default test" finished-at="2019-08-21T20:56:07Z" duration-ms="16109">
      <class name="com.framework.app.ValidateMenuItemTest">
        <test-method is-config="true" signature="setUp()[pri:0, instance:com.framework.app.ValidateMenuItemTest@71e9ddb4]" started-at="2019-08-21T20:55:51Z" name="setUp" finished-at="2019-08-21T20:56:05Z" duration-ms="14311" status="PASS">
          <reporter-output>
          </reporter-output>
        </test-method> <!-- setUp -->
        <test-method signature="pageBaseNavigation()[pri:0, instance:com.framework.app.ValidateMenuItemTest@71e9ddb4]" started-at="2019-08-21T20:56:05Z" name="pageBaseNavigation" finished-at="2019-08-21T20:56:06Z" duration-ms="836" status="PASS">
          <reporter-output>
          </reporter-output>
        </test-method> <!-- pageBaseNavigation -->
        <test-method is-config="true" signature="TearDown()[pri:0, instance:com.framework.app.ValidateMenuItemTest@71e9ddb4]" started-at="2019-08-21T20:56:06Z" name="TearDown" finished-at="2019-08-21T20:56:07Z" duration-ms="942" status="PASS">
          <reporter-output>
          </reporter-output>
        </test-method> <!-- TearDown -->
      </class> <!-- com.framework.app.ValidateMenuItemTest -->
    </test> <!-- Default test -->
  </suite> <!-- Default suite -->
</testng-results>
